<?xml version="1.0" encoding="UTF-8"?>
<testng-results skipped="0" failed="0" ignored="0" total="1" passed="1">
  <reporter-output>
  </reporter-output>
  <suite name="Default suite" duration-ms="122742" started-at="2018-10-03T05:36:39Z" finished-at="2018-10-03T05:38:42Z">
    <groups>
    </groups>
    <test name="Default test" duration-ms="122742" started-at="2018-10-03T05:36:39Z" finished-at="2018-10-03T05:38:42Z">
      <class name="salesForce.SalesForceDownload">
        <test-method status="PASS" signature="browserSetup()[pri:0, instance:salesForce.SalesForceDownload@604ed9f0]" name="browserSetup" is-config="true" duration-ms="15715" started-at="2018-10-03T11:06:39Z" finished-at="2018-10-03T11:06:55Z">
          <reporter-output>
          </reporter-output>
        </test-method> <!-- browserSetup -->
        <test-method status="PASS" signature="Test()[pri:0, instance:salesForce.SalesForceDownload@604ed9f0]" name="Test" duration-ms="106993" started-at="2018-10-03T11:06:55Z" finished-at="2018-10-03T11:08:42Z">
          <reporter-output>
          </reporter-output>
        </test-method> <!-- Test -->
      </class> <!-- salesForce.SalesForceDownload -->
    </test> <!-- Default test -->
  </suite> <!-- Default suite -->
</testng-results>
